#
# There is insufficient memory for the Java Runtime Environment to continue.
# Native memory allocation (malloc) failed to allocate 74448896 bytes for committing reserved memory.
# Possible reasons:
#   The system is out of physical RAM or swap space
#   In 32 bit mode, the process size limit was hit
# Possible solutions:
#   Reduce memory load on the system
#   Increase physical memory or swap space
#   Check if swap backing store is full
#   Use 64 bit Java on a 64 bit OS
#   Decrease Java heap size (-Xmx/-Xms)
#   Decrease number of Java threads
#   Decrease Java thread stack sizes (-Xss)
#   Set larger code cache with -XX:ReservedCodeCacheSize=
# This output file may be truncated or incomplete.
#
#  Out of Memory Error (os_linux.cpp:2756), pid=52111, tid=139866229651200
#
# JRE version: Java(TM) SE Runtime Environment (7.0_80-b15) (build 1.7.0_80-b15)
# Java VM: Java HotSpot(TM) 64-Bit Server VM (24.80-b11 mixed mode linux-amd64 compressed oops)
# Failed to write core dump. Core dumps have been disabled. To enable core dumping, try "ulimit -c unlimited" before starting Java again
#

---------------  T H R E A D  ---------------

Current thread (0x00007f354807c000):  VMThread [stack: 0x00007f3524df3000,0x00007f3524ef4000] [id=52179]

Stack: [0x00007f3524df3000,0x00007f3524ef4000],  sp=0x00007f3524ef2060,  free space=1020k
Native frames: (J=compiled Java code, j=interpreted, Vv=VM code, C=native code)
V  [libjvm.so+0x9a320a]  VMError::report_and_die()+0x2ea
V  [libjvm.so+0x498d3b]  report_vm_out_of_memory(char const*, int, unsigned long, char const*)+0x9b
V  [libjvm.so+0x82191e]  os::Linux::commit_memory_impl(char*, unsigned long, bool)+0xfe
V  [libjvm.so+0x821e69]  os::pd_commit_memory(char*, unsigned long, unsigned long, bool)+0x29
V  [libjvm.so+0x81bb6a]  os::commit_memory(char*, unsigned long, unsigned long, bool)+0x2a
V  [libjvm.so+0x88d623]  PSVirtualSpace::expand_by(unsigned long)+0x53
V  [libjvm.so+0x87ca80]  PSOldGen::expand(unsigned long)+0x170
V  [libjvm.so+0x87cc8b]  PSOldGen::resize(unsigned long)+0x1cb
V  [libjvm.so+0x885951]  PSParallelCompact::invoke_no_policy(bool)+0x9b1
V  [libjvm.so+0x88b8cd]  PSScavenge::invoke()+0x1ad
V  [libjvm.so+0x843f40]  ParallelScavengeHeap::failed_mem_allocate(unsigned long)+0x70
V  [libjvm.so+0x9a4a97]  VM_ParallelGCFailedAllocation::doit()+0x97
V  [libjvm.so+0x9abf35]  VM_Operation::evaluate()+0x55
V  [libjvm.so+0x9aa2fa]  VMThread::evaluate_operation(VM_Operation*)+0xba
V  [libjvm.so+0x9aa67e]  VMThread::loop()+0x1ce
V  [libjvm.so+0x9aaaf0]  VMThread::run()+0x70
V  [libjvm.so+0x8238c8]  java_start(Thread*)+0x108

VM_Operation (0x00007f3550021b10): ParallelGCFailedAllocation, mode: safepoint, requested by thread 0x00007f354800a000


---------------  P R O C E S S  ---------------

Java Threads: ( => current thread )
  0x00007f35480ac000 JavaThread "Service Thread" daemon [_thread_blocked, id=52222, stack(0x00007f3524162000,0x00007f35242e3000)]
  0x00007f35480a9800 JavaThread "C2 CompilerThread1" daemon [_thread_blocked, id=52218, stack(0x00007f35242e3000,0x00007f35243e4000)]
  0x00007f35480a7000 JavaThread "C2 CompilerThread0" daemon [_thread_blocked, id=52208, stack(0x00007f35243e4000,0x00007f35244e5000)]
  0x00007f35480a4800 JavaThread "Signal Dispatcher" daemon [_thread_blocked, id=52204, stack(0x00007f35244e5000,0x00007f3524666000)]
  0x00007f3548082000 JavaThread "Finalizer" daemon [_thread_blocked, id=52190, stack(0x00007f3524af1000,0x00007f3524c72000)]
  0x00007f3548080000 JavaThread "Reference Handler" daemon [_thread_blocked, id=52186, stack(0x00007f3524c72000,0x00007f3524df3000)]
  0x00007f354800a000 JavaThread "main" [_thread_blocked, id=52112, stack(0x00007f354ff24000,0x00007f3550025000)]

Other Threads:
=>0x00007f354807c000 VMThread [stack: 0x00007f3524df3000,0x00007f3524ef4000] [id=52179]
  0x00007f35480b6800 WatcherThread [stack: 0x00007f3524061000,0x00007f3524162000] [id=52230]

VM state:at safepoint (normal execution)

VM Mutex/Monitor currently owned by a thread:  ([mutex/lock_event])
[0x00007f35480060c0] ExpandHeap_lock - owner thread: 0x00007f354807c000
[0x00007f3548006740] Threads_lock - owner thread: 0x00007f354807c000
[0x00007f3548006c40] Heap_lock - owner thread: 0x00007f354800a000

Heap
 PSYoungGen      total 129024K, used 7561K [0x00000000eaa80000, 0x00000000f9780000, 0x0000000100000000)
  eden space 102912K, 0% used [0x00000000eaa80000,0x00000000eaa80000,0x00000000f0f00000)
  from space 26112K, 28% used [0x00000000f3c80000,0x00000000f43e27f0,0x00000000f5600000)
  to   space 46592K, 0% used [0x00000000f0f00000,0x00000000f0f00000,0x00000000f3c80000)
 ParOldGen       total 81920K, used 81536K [0x00000000c0000000, 0x00000000c5000000, 0x00000000eaa80000)
  object space 81920K, 99% used [0x00000000c0000000,0x00000000c4fa02d8,0x00000000c5000000)
 PSPermGen       total 32768K, used 8456K [0x00000000b6000000, 0x00000000b8000000, 0x00000000c0000000)
  object space 32768K, 25% used [0x00000000b6000000,0x00000000b68423f8,0x00000000b8000000)

Card table byte_map: [0x00007f354cfaf000,0x00007f354d200000] byte_map_base: 0x00007f354c9ff000

Polling page: 0x00007f3550040000

Code Cache  [0x00007f3545000000, 0x00007f3545290000, 0x00007f3548000000)
 total_blobs=864 nmethods=613 adapters=203 free_code_cache=46659Kb largest_free_block=47705856

Compilation events (10 events):
Event: 6.954 Thread 0x00007f35480a7000  667             java.lang.String::regionMatches (149 bytes)
Event: 6.955 Thread 0x00007f35480a9800 nmethod 662 0x00007f354508d3d0 code [0x00007f354508d520, 0x00007f354508d598]
Event: 6.955 Thread 0x00007f35480a9800  668             com.sun.tools.javac.code.Symbol$TypeSymbol::formFlatName (85 bytes)
Event: 6.957 Thread 0x00007f35480a7000 nmethod 667 0x00007f35451912d0 code [0x00007f35451914a0, 0x00007f3545191ab0]
Event: 6.960 Thread 0x00007f35480a7000  669 %           com.sun.tools.javac.code.Scope$StarImportScope::importAll @ 5 (54 bytes)
Event: 6.963 Thread 0x00007f35480a9800 nmethod 668 0x00007f35451906d0 code [0x00007f3545190860, 0x00007f3545190d48]
Event: 6.966 Thread 0x00007f35480a7000 nmethod 669% 0x00007f3545135d50 code [0x00007f3545135f40, 0x00007f35451367c8]
Event: 6.968 Thread 0x00007f35480a9800  670             com.sun.tools.javac.code.Scope$StarImportScope::importAll (54 bytes)
Event: 6.973 Thread 0x00007f35480a9800 nmethod 670 0x00007f354518d150 code [0x00007f354518d320, 0x00007f354518db48]
Event: 6.982 Thread 0x00007f35480a9800  671             com.sun.tools.javac.code.Types::capture (476 bytes)

GC Heap History (10 events):
Event: 4.366 GC heap after
Heap after GC invocations=5 (full 0):
 PSYoungGen      total 70144K, used 2552K [0x00000000eaa80000, 0x00000000f5380000, 0x0000000100000000)
  eden space 67584K, 0% used [0x00000000eaa80000,0x00000000eaa80000,0x00000000eec80000)
  from space 2560K, 99% used [0x00000000eec80000,0x00000000eeefe3b8,0x00000000eef00000)
  to   space 18944K, 0% used [0x00000000f4100000,0x00000000f4100000,0x00000000f5380000)
 ParOldGen       total 44032K, used 34399K [0x00000000c0000000, 0x00000000c2b00000, 0x00000000eaa80000)
  object space 44032K, 78% used [0x00000000c0000000,0x00000000c2197f10,0x00000000c2b00000)
 PSPermGen       total 32768K, used 8239K [0x00000000b6000000, 0x00000000b8000000, 0x00000000c0000000)
  object space 32768K, 25% used [0x00000000b6000000,0x00000000b680bc48,0x00000000b8000000)
}
Event: 4.366 GC heap before
{Heap before GC invocations=6 (full 1):
 PSYoungGen      total 70144K, used 2552K [0x00000000eaa80000, 0x00000000f5380000, 0x0000000100000000)
  eden space 67584K, 0% used [0x00000000eaa80000,0x00000000eaa80000,0x00000000eec80000)
  from space 2560K, 99% used [0x00000000eec80000,0x00000000eeefe3b8,0x00000000eef00000)
  to   space 18944K, 0% used [0x00000000f4100000,0x00000000f4100000,0x00000000f5380000)
 ParOldGen       total 44032K, used 34399K [0x00000000c0000000, 0x00000000c2b00000, 0x00000000eaa80000)
  object space 44032K, 78% used [0x00000000c0000000,0x00000000c2197f10,0x00000000c2b00000)
 PSPermGen       total 32768K, used 8239K [0x00000000b6000000, 0x00000000b8000000, 0x00000000c0000000)
  object space 32768K, 25% used [0x00000000b6000000,0x00000000b680bc48,0x00000000b8000000)
Event: 4.831 GC heap after
Heap after GC invocations=6 (full 1):
 PSYoungGen      total 70144K, used 0K [0x00000000eaa80000, 0x00000000f5380000, 0x0000000100000000)
  eden space 67584K, 0% used [0x00000000eaa80000,0x00000000eaa80000,0x00000000eec80000)
  from space 2560K, 0% used [0x00000000eec80000,0x00000000eec80000,0x00000000eef00000)
  to   space 18944K, 0% used [0x00000000f4100000,0x00000000f4100000,0x00000000f5380000)
 ParOldGen       total 81920K, used 35747K [0x00000000c0000000, 0x00000000c5000000, 0x00000000eaa80000)
  object space 81920K, 43% used [0x00000000c0000000,0x00000000c22e8d20,0x00000000c5000000)
 PSPermGen       total 32768K, used 8233K [0x00000000b6000000, 0x00000000b8000000, 0x00000000c0000000)
  object space 32768K, 25% used [0x00000000b6000000,0x00000000b680a5b8,0x00000000b8000000)
}
Event: 5.486 GC heap before
{Heap before GC invocations=7 (full 1):
 PSYoungGen      total 70144K, used 67584K [0x00000000eaa80000, 0x00000000f5380000, 0x0000000100000000)
  eden space 67584K, 100% used [0x00000000eaa80000,0x00000000eec80000,0x00000000eec80000)
  from space 2560K, 0% used [0x00000000eec80000,0x00000000eec80000,0x00000000eef00000)
  to   space 18944K, 0% used [0x00000000f4100000,0x00000000f4100000,0x00000000f5380000)
 ParOldGen       total 81920K, used 35747K [0x00000000c0000000, 0x00000000c5000000, 0x00000000eaa80000)
  object space 81920K, 43% used [0x00000000c0000000,0x00000000c22e8d20,0x00000000c5000000)
 PSPermGen       total 32768K, used 8276K [0x00000000b6000000, 0x00000000b8000000, 0x00000000c0000000)
  object space 32768K, 25% used [0x00000000b6000000,0x00000000b68152d0,0x00000000b8000000)
Event: 5.533 GC heap after
Heap after GC invocations=7 (full 1):
 PSYoungGen      total 102400K, used 16891K [0x00000000eaa80000, 0x00000000f5180000, 0x0000000100000000)
  eden space 85504K, 0% used [0x00000000eaa80000,0x00000000eaa80000,0x00000000efe00000)
  from space 16896K, 99% used [0x00000000f4100000,0x00000000f517eda0,0x00000000f5180000)
  to   space 21504K, 0% used [0x00000000f2780000,0x00000000f2780000,0x00000000f3c80000)
 ParOldGen       total 81920K, used 35747K [0x00000000c0000000, 0x00000000c5000000, 0x00000000eaa80000)
  object space 81920K, 43% used [0x00000000c0000000,0x00000000c22e8d20,0x00000000c5000000)
 PSPermGen       total 32768K, used 8276K [0x00000000b6000000, 0x00000000b8000000, 0x00000000c0000000)
  object space 32768K, 25% used [0x00000000b6000000,0x00000000b68152d0,0x00000000b8000000)
}
Event: 6.475 GC heap before
{Heap before GC invocations=8 (full 1):
 PSYoungGen      total 102400K, used 102395K [0x00000000eaa80000, 0x00000000f5180000, 0x0000000100000000)
  eden space 85504K, 100% used [0x00000000eaa80000,0x00000000efe00000,0x00000000efe00000)
  from space 16896K, 99% used [0x00000000f4100000,0x00000000f517eda0,0x00000000f5180000)
  to   space 21504K, 0% used [0x00000000f2780000,0x00000000f2780000,0x00000000f3c80000)
 ParOldGen       total 81920K, used 35747K [0x00000000c0000000, 0x00000000c5000000, 0x00000000eaa80000)
  object space 81920K, 43% used [0x00000000c0000000,0x00000000c22e8d20,0x00000000c5000000)
 PSPermGen       total 32768K, used 8407K [0x00000000b6000000, 0x00000000b8000000, 0x00000000c0000000)
  object space 32768K, 25% used [0x00000000b6000000,0x00000000b6835e28,0x00000000b8000000)
Event: 6.526 GC heap after
Heap after GC invocations=8 (full 1):
 PSYoungGen      total 131584K, used 21491K [0x00000000eaa80000, 0x00000000f5600000, 0x0000000100000000)
  eden space 110080K, 0% used [0x00000000eaa80000,0x00000000eaa80000,0x00000000f1600000)
  from space 21504K, 99% used [0x00000000f2780000,0x00000000f3c7cc30,0x00000000f3c80000)
  to   space 26112K, 0% used [0x00000000f3c80000,0x00000000f3c80000,0x00000000f5600000)
 ParOldGen       total 81920K, used 50719K [0x00000000c0000000, 0x00000000c5000000, 0x00000000eaa80000)
  object space 81920K, 61% used [0x00000000c0000000,0x00000000c3187f10,0x00000000c5000000)
 PSPermGen       total 32768K, used 8407K [0x00000000b6000000, 0x00000000b8000000, 0x00000000c0000000)
  object space 32768K, 25% used [0x00000000b6000000,0x00000000b6835e28,0x00000000b8000000)
}
Event: 6.983 GC heap before
{Heap before GC invocations=9 (full 1):
 PSYoungGen      total 131584K, used 131571K [0x00000000eaa80000, 0x00000000f5600000, 0x0000000100000000)
  eden space 110080K, 100% used [0x00000000eaa80000,0x00000000f1600000,0x00000000f1600000)
  from space 21504K, 99% used [0x00000000f2780000,0x00000000f3c7cc30,0x00000000f3c80000)
  to   space 26112K, 0% used [0x00000000f3c80000,0x00000000f3c80000,0x00000000f5600000)
 ParOldGen       total 81920K, used 50719K [0x00000000c0000000, 0x00000000c5000000, 0x00000000eaa80000)
  object space 81920K, 61% used [0x00000000c0000000,0x00000000c3187f10,0x00000000c5000000)
 PSPermGen       total 32768K, used 8459K [0x00000000b6000000, 0x00000000b8000000, 0x00000000c0000000)
  object space 32768K, 25% used [0x00000000b6000000,0x00000000b6842d30,0x00000000b8000000)
Event: 7.033 GC heap after
Heap after GC invocations=9 (full 1):
 PSYoungGen      total 129024K, used 26110K [0x00000000eaa80000, 0x00000000f9780000, 0x0000000100000000)
  eden space 102912K, 0% used [0x00000000eaa80000,0x00000000eaa80000,0x00000000f0f00000)
  from space 26112K, 99% used [0x00000000f3c80000,0x00000000f55ff920,0x00000000f5600000)
  to   space 46592K, 0% used [0x00000000f0f00000,0x00000000f0f00000,0x00000000f3c80000)
 ParOldGen       total 81920K, used 75048K [0x00000000c0000000, 0x00000000c5000000, 0x00000000eaa80000)
  object space 81920K, 91% used [0x00000000c0000000,0x00000000c494a0a0,0x00000000c5000000)
 PSPermGen       total 32768K, used 8459K [0x00000000b6000000, 0x00000000b8000000, 0x00000000c0000000)
  object space 32768K, 25% used [0x00000000b6000000,0x00000000b6842d30,0x00000000b8000000)
}
Event: 7.172 GC heap before
{Heap before GC invocations=10 (full 2):
 PSYoungGen      total 129024K, used 26110K [0x00000000eaa80000, 0x00000000f9780000, 0x0000000100000000)
  eden space 102912K, 0% used [0x00000000eaa80000,0x00000000eaa80000,0x00000000f0f00000)
  from space 26112K, 99% used [0x00000000f3c80000,0x00000000f55ff920,0x00000000f5600000)
  to   space 46592K, 0% used [0x00000000f0f00000,0x00000000f0f00000,0x00000000f3c80000)
 ParOldGen       total 81920K, used 75048K [0x00000000c0000000, 0x00000000c5000000, 0x00000000eaa80000)
  object space 81920K, 91% used [0x00000000c0000000,0x00000000c494a0a0,0x00000000c5000000)
 PSPermGen       total 32768K, used 8459K [0x00000000b6000000, 0x00000000b8000000, 0x00000000c0000000)
  object space 32768K, 25% used [0x00000000b6000000,0x00000000b6842d30,0x00000000b8000000)

Deoptimization events (10 events):
Event: 6.864 Thread 0x00007f354800a000 Uncommon trap: reason=bimorphic action=maybe_recompile pc=0x00007f35450e3fc8 method=com.sun.tools.javac.code.Symbol$TypeSymbol.formFullName(Lcom/sun/tools/javac/util/Name;Lcom/sun/tools/javac/code/Symbol;)Lcom/sun/tools/javac/util/Name; @ 49
Event: 6.864 Thread 0x00007f354800a000 Uncommon trap: reason=class_check action=maybe_recompile pc=0x00007f3545223304 method=com.sun.tools.javac.code.Type$ClassType.isErroneous()Z @ 1
Event: 6.864 Thread 0x00007f354800a000 Uncommon trap: reason=bimorphic action=maybe_recompile pc=0x00007f35450e3fc8 method=com.sun.tools.javac.code.Symbol$TypeSymbol.formFullName(Lcom/sun/tools/javac/util/Name;Lcom/sun/tools/javac/code/Symbol;)Lcom/sun/tools/javac/util/Name; @ 49
Event: 6.869 Thread 0x00007f354800a000 Uncommon trap: reason=unstable_if action=reinterpret pc=0x00007f354521e688 method=com.sun.tools.javac.comp.Resolve.findInheritedMemberType(Lcom/sun/tools/javac/comp/Env;Lcom/sun/tools/javac/code/Type;Lcom/sun/tools/javac/util/Name;Lcom/sun/tools/javac/cod
Event: 6.902 Thread 0x00007f354800a000 Uncommon trap: reason=unstable_if action=reinterpret pc=0x00007f354510f704 method=com.sun.tools.javac.comp.Resolve.findImmediateMemberType(Lcom/sun/tools/javac/comp/Env;Lcom/sun/tools/javac/code/Type;Lcom/sun/tools/javac/util/Name;Lcom/sun/tools/javac/cod
Event: 6.906 Thread 0x00007f354800a000 Uncommon trap: reason=unstable_if action=reinterpret pc=0x00007f3545275538 method=com.sun.tools.javac.comp.Attr.visitSelect(Lcom/sun/tools/javac/tree/JCTree$JCFieldAccess;)V @ 755
Event: 6.907 Thread 0x00007f354800a000 Uncommon trap: reason=unstable_if action=reinterpret pc=0x00007f3545196520 method=com.sun.tools.javac.parser.JavacParser.analyzeParens()Lcom/sun/tools/javac/parser/JavacParser$ParensResult; @ 1180
Event: 6.910 Thread 0x00007f354800a000 Uncommon trap: reason=unstable_if action=reinterpret pc=0x00007f3545219d30 method=com.sun.tools.javac.comp.Check.checkDeprecated(Lcom/sun/tools/javac/util/JCDiagnostic$DiagnosticPosition;Lcom/sun/tools/javac/code/Symbol;Lcom/sun/tools/javac/code/Symbol;)V
Event: 6.938 Thread 0x00007f354800a000 Uncommon trap: reason=unstable_if action=reinterpret pc=0x00007f35450f7a24 method=java.lang.String.regionMatches(ZILjava/lang/String;II)Z @ 123
Event: 6.939 Thread 0x00007f354800a000 Uncommon trap: reason=unstable_if action=reinterpret pc=0x00007f35451625d8 method=com.sun.tools.javac.code.Scope$StarImportScope.importAll(Lcom/sun/tools/javac/code/Scope;)V @ 17

Internal exceptions (10 events):
Event: 0.918 Thread 0x00007f354800a000 Threw 0x00000000eada8080 at /HUDSON/workspace/7u-2-build-linux-amd64/jdk7u80/2329/hotspot/src/share/vm/prims/jvm.cpp:1319
Event: 0.918 Thread 0x00007f354800a000 Threw 0x00000000eada94a0 at /HUDSON/workspace/7u-2-build-linux-amd64/jdk7u80/2329/hotspot/src/share/vm/prims/jvm.cpp:1319
Event: 0.918 Thread 0x00007f354800a000 Threw 0x00000000eada9b80 at /HUDSON/workspace/7u-2-build-linux-amd64/jdk7u80/2329/hotspot/src/share/vm/prims/jvm.cpp:1319
Event: 0.918 Thread 0x00007f354800a000 Threw 0x00000000eadab040 at /HUDSON/workspace/7u-2-build-linux-amd64/jdk7u80/2329/hotspot/src/share/vm/prims/jvm.cpp:1319
Event: 0.918 Thread 0x00007f354800a000 Threw 0x00000000eadab740 at /HUDSON/workspace/7u-2-build-linux-amd64/jdk7u80/2329/hotspot/src/share/vm/prims/jvm.cpp:1319
Event: 0.932 Thread 0x00007f354800a000 Implicit null exception at 0x00007f3545069fc5 to 0x00007f354506a129
Event: 1.826 Thread 0x00007f354800a000 Implicit null exception at 0x00007f35450cf2db to 0x00007f35450cfc6d
Event: 6.657 Thread 0x00007f354800a000 Implicit null exception at 0x00007f35450e0143 to 0x00007f35450e05a5
Event: 6.713 Thread 0x00007f354800a000 Implicit null exception at 0x00007f3545263918 to 0x00007f354526425d
Event: 6.812 Thread 0x00007f354800a000 Implicit null exception at 0x00007f354527a17c to 0x00007f354527a561

Events (10 events):
Event: 6.910 Thread 0x00007f354800a000 Uncommon trap: trap_request=0xffffff75 fr.pc=0x00007f3545219d30
Event: 6.910 Thread 0x00007f354800a000 DEOPT PACKING pc=0x00007f3545219d30 sp=0x00007f3550022dc0
Event: 6.910 Thread 0x00007f354800a000 DEOPT UNPACKING pc=0x00007f3545039445 sp=0x00007f3550022d28 mode 2
Event: 6.938 Thread 0x00007f354800a000 Uncommon trap: trap_request=0xffffff75 fr.pc=0x00007f35450f7a24
Event: 6.938 Thread 0x00007f354800a000 DEOPT PACKING pc=0x00007f35450f7a24 sp=0x00007f35500228a0
Event: 6.938 Thread 0x00007f354800a000 DEOPT UNPACKING pc=0x00007f3545039445 sp=0x00007f3550022850 mode 2
Event: 6.939 Thread 0x00007f354800a000 Uncommon trap: trap_request=0xffffff75 fr.pc=0x00007f35451625d8
Event: 6.939 Thread 0x00007f354800a000 DEOPT PACKING pc=0x00007f35451625d8 sp=0x00007f3550022fd0
Event: 6.939 Thread 0x00007f354800a000 DEOPT UNPACKING pc=0x00007f3545039445 sp=0x00007f3550022fc8 mode 2
Event: 6.982 Executing VM operation: ParallelGCFailedAllocation


Dynamic libraries:
00400000-00401000 r-xp 00000000 08:01 1055041                            /home/jcb/openjdk-7-jdk/bin/java
00600000-00601000 rw-p 00000000 08:01 1055041                            /home/jcb/openjdk-7-jdk/bin/java
01f3b000-01f5c000 rw-p 00000000 00:00 0                                  [heap]
b6000000-b8000000 rw-p 00000000 00:00 0 
b8000000-c0000000 rw-p 00000000 00:00 0 
c0000000-c5000000 rw-p 00000000 00:00 0 
c9700000-eaa80000 rw-p 00000000 00:00 0 
eaa80000-f9780000 rw-p 00000000 00:00 0 
f9780000-100000000 rw-p 00000000 00:00 0 
7f3500000000-7f3500021000 rw-p 00000000 00:00 0 
7f3500021000-7f3504000000 ---p 00000000 00:00 0 
7f3504000000-7f3504021000 rw-p 00000000 00:00 0 
7f3504021000-7f3508000000 ---p 00000000 00:00 0 
7f3508000000-7f35092c1000 rw-p 00000000 00:00 0 
7f35092c1000-7f350c000000 ---p 00000000 00:00 0 
7f350c000000-7f350cf12000 rw-p 00000000 00:00 0 
7f350cf12000-7f3510000000 ---p 00000000 00:00 0 
7f3510000000-7f3510021000 rw-p 00000000 00:00 0 
7f3510021000-7f3514000000 ---p 00000000 00:00 0 
7f3514000000-7f3514021000 rw-p 00000000 00:00 0 
7f3514021000-7f3518000000 ---p 00000000 00:00 0 
7f3518000000-7f3518253000 rw-p 00000000 00:00 0 
7f3518253000-7f351c000000 ---p 00000000 00:00 0 
7f351c000000-7f351c021000 rw-p 00000000 00:00 0 
7f351c021000-7f3520000000 ---p 00000000 00:00 0 
7f3520000000-7f3520021000 rw-p 00000000 00:00 0 
7f3520021000-7f3524000000 ---p 00000000 00:00 0 
7f3524061000-7f3524062000 ---p 00000000 00:00 0 
7f3524062000-7f3524162000 rw-p 00000000 00:00 0 
7f3524162000-7f3524165000 ---p 00000000 00:00 0 
7f3524165000-7f35242e3000 rw-p 00000000 00:00 0 
7f35242e3000-7f35242e6000 ---p 00000000 00:00 0 
7f35242e6000-7f35243e4000 rw-p 00000000 00:00 0 
7f35243e4000-7f35243e7000 ---p 00000000 00:00 0 
7f35243e7000-7f35244e5000 rw-p 00000000 00:00 0 
7f35244e5000-7f35244e8000 ---p 00000000 00:00 0 
7f35244e8000-7f3524666000 rw-p 00000000 00:00 0 
7f3524666000-7f3524af1000 r--p 00000000 08:01 133276                     /usr/lib/locale/locale-archive
7f3524af1000-7f3524af4000 ---p 00000000 00:00 0 
7f3524af4000-7f3524c72000 rw-p 00000000 00:00 0 
7f3524c72000-7f3524c75000 ---p 00000000 00:00 0 
7f3524c75000-7f3524df3000 rw-p 00000000 00:00 0 
7f3524df3000-7f3524df4000 ---p 00000000 00:00 0 
7f3524df4000-7f3528000000 rw-p 00000000 00:00 0 
7f3528000000-7f3528021000 rw-p 00000000 00:00 0 
7f3528021000-7f352c000000 ---p 00000000 00:00 0 
7f352c000000-7f352c021000 rw-p 00000000 00:00 0 
7f352c021000-7f3530000000 ---p 00000000 00:00 0 
7f3530000000-7f3530021000 rw-p 00000000 00:00 0 
7f3530021000-7f3534000000 ---p 00000000 00:00 0 
7f3534000000-7f3534021000 rw-p 00000000 00:00 0 
7f3534021000-7f3538000000 ---p 00000000 00:00 0 
7f3538000000-7f3538021000 rw-p 00000000 00:00 0 
7f3538021000-7f353c000000 ---p 00000000 00:00 0 
7f353c000000-7f353c021000 rw-p 00000000 00:00 0 
7f353c021000-7f3540000000 ---p 00000000 00:00 0 
7f3540000000-7f3540021000 rw-p 00000000 00:00 0 
7f3540021000-7f3544000000 ---p 00000000 00:00 0 
7f354400a000-7f354402b000 r--p 00000000 08:01 424945                     /usr/share/locale-langpack/zh_CN/LC_MESSAGES/libc.mo
7f354402b000-7f3545000000 rw-p 00000000 00:00 0 
7f3545000000-7f3545290000 rwxp 00000000 00:00 0 
7f3545290000-7f354821d000 rw-p 00000000 00:00 0 
7f354821d000-7f354c000000 ---p 00000000 00:00 0 
7f354c019000-7f354c0c7000 rw-p 00000000 00:00 0 
7f354c0c7000-7f354c287000 r--s 039fb000 08:01 1054966                    /home/jcb/openjdk-7-jdk/jre/lib/rt.jar
7f354c287000-7f354c2b8000 r--s 00356000 08:01 1438603                    /home/jcb/jdk-jdk8-b120/build/linux-x86_64-normal-server-slowdebug/langtools/dist/bootstrap/lib/javac.jar
7f354c2b8000-7f354c601000 rw-p 00000000 00:00 0 
7f354c601000-7f354c602000 ---p 00000000 00:00 0 
7f354c602000-7f354c702000 rw-p 00000000 00:00 0 
7f354c702000-7f354c703000 ---p 00000000 00:00 0 
7f354c703000-7f354c803000 rw-p 00000000 00:00 0 
7f354c803000-7f354c804000 ---p 00000000 00:00 0 
7f354c804000-7f354c904000 rw-p 00000000 00:00 0 
7f354c904000-7f354c905000 ---p 00000000 00:00 0 
7f354c905000-7f354ca05000 rw-p 00000000 00:00 0 
7f354ca05000-7f354ca06000 ---p 00000000 00:00 0 
7f354ca06000-7f354cb06000 rw-p 00000000 00:00 0 
7f354cb06000-7f354cb07000 ---p 00000000 00:00 0 
7f354cb07000-7f354cc07000 rw-p 00000000 00:00 0 
7f354cc07000-7f354cc08000 ---p 00000000 00:00 0 
7f354cc08000-7f354cd08000 rw-p 00000000 00:00 0 
7f354cd08000-7f354cd09000 ---p 00000000 00:00 0 
7f354cd09000-7f354ce19000 rw-p 00000000 00:00 0 
7f354ce19000-7f354ce59000 rw-p 00000000 00:00 0 
7f354ce59000-7f354ce81000 rw-p 00000000 00:00 0 
7f354ce81000-7f354cfaf000 rw-p 00000000 00:00 0 
7f354cfaf000-7f354cfbf000 rw-p 00000000 00:00 0 
7f354cfbf000-7f354cfff000 rw-p 00000000 00:00 0 
7f354cfff000-7f354d027000 rw-p 00000000 00:00 0 
7f354d027000-7f354d154000 rw-p 00000000 00:00 0 
7f354d154000-7f354d1cb000 rw-p 00000000 00:00 0 
7f354d1cb000-7f354d1ff000 rw-p 00000000 00:00 0 
7f354d1ff000-7f354d200000 rw-p 00000000 00:00 0 
7f354d200000-7f354d217000 r-xp 00000000 08:01 1047344                    /home/jcb/openjdk-7-jdk/jre/lib/amd64/libzip.so
7f354d217000-7f354d417000 ---p 00017000 08:01 1047344                    /home/jcb/openjdk-7-jdk/jre/lib/amd64/libzip.so
7f354d417000-7f354d418000 rw-p 00017000 08:01 1047344                    /home/jcb/openjdk-7-jdk/jre/lib/amd64/libzip.so
7f354d418000-7f354d423000 r-xp 00000000 08:01 926859                     /lib/x86_64-linux-gnu/libnss_files-2.23.so
7f354d423000-7f354d622000 ---p 0000b000 08:01 926859                     /lib/x86_64-linux-gnu/libnss_files-2.23.so
7f354d622000-7f354d623000 r--p 0000a000 08:01 926859                     /lib/x86_64-linux-gnu/libnss_files-2.23.so
7f354d623000-7f354d624000 rw-p 0000b000 08:01 926859                     /lib/x86_64-linux-gnu/libnss_files-2.23.so
7f354d624000-7f354d62a000 rw-p 00000000 00:00 0 
7f354d62a000-7f354d635000 r-xp 00000000 08:01 926866                     /lib/x86_64-linux-gnu/libnss_nis-2.23.so
7f354d635000-7f354d834000 ---p 0000b000 08:01 926866                     /lib/x86_64-linux-gnu/libnss_nis-2.23.so
7f354d834000-7f354d835000 r--p 0000a000 08:01 926866                     /lib/x86_64-linux-gnu/libnss_nis-2.23.so
7f354d835000-7f354d836000 rw-p 0000b000 08:01 926866                     /lib/x86_64-linux-gnu/libnss_nis-2.23.so
7f354d836000-7f354d84c000 r-xp 00000000 08:01 926867                     /lib/x86_64-linux-gnu/libnsl-2.23.so
7f354d84c000-7f354da4b000 ---p 00016000 08:01 926867                     /lib/x86_64-linux-gnu/libnsl-2.23.so
7f354da4b000-7f354da4c000 r--p 00015000 08:01 926867                     /lib/x86_64-linux-gnu/libnsl-2.23.so
7f354da4c000-7f354da4d000 rw-p 00016000 08:01 926867                     /lib/x86_64-linux-gnu/libnsl-2.23.so
7f354da4d000-7f354da4f000 rw-p 00000000 00:00 0 
7f354da4f000-7f354da57000 r-xp 00000000 08:01 926869                     /lib/x86_64-linux-gnu/libnss_compat-2.23.so
7f354da57000-7f354dc56000 ---p 00008000 08:01 926869                     /lib/x86_64-linux-gnu/libnss_compat-2.23.so
7f354dc56000-7f354dc57000 r--p 00007000 08:01 926869                     /lib/x86_64-linux-gnu/libnss_compat-2.23.so
7f354dc57000-7f354dc58000 rw-p 00008000 08:01 926869                     /lib/x86_64-linux-gnu/libnss_compat-2.23.so
7f354dc58000-7f354dc81000 r-xp 00000000 08:01 1047310                    /home/jcb/openjdk-7-jdk/jre/lib/amd64/libjava.so
7f354dc81000-7f354de81000 ---p 00029000 08:01 1047310                    /home/jcb/openjdk-7-jdk/jre/lib/amd64/libjava.so
7f354de81000-7f354de83000 rw-p 00029000 08:01 1047310                    /home/jcb/openjdk-7-jdk/jre/lib/amd64/libjava.so
7f354de83000-7f354de90000 r-xp 00000000 08:01 1047337                    /home/jcb/openjdk-7-jdk/jre/lib/amd64/libverify.so
7f354de90000-7f354e08f000 ---p 0000d000 08:01 1047337                    /home/jcb/openjdk-7-jdk/jre/lib/amd64/libverify.so
7f354e08f000-7f354e091000 rw-p 0000c000 08:01 1047337                    /home/jcb/openjdk-7-jdk/jre/lib/amd64/libverify.so
7f354e091000-7f354e098000 r-xp 00000000 08:01 926858                     /lib/x86_64-linux-gnu/librt-2.23.so
7f354e098000-7f354e297000 ---p 00007000 08:01 926858                     /lib/x86_64-linux-gnu/librt-2.23.so
7f354e297000-7f354e298000 r--p 00006000 08:01 926858                     /lib/x86_64-linux-gnu/librt-2.23.so
7f354e298000-7f354e299000 rw-p 00007000 08:01 926858                     /lib/x86_64-linux-gnu/librt-2.23.so
7f354e299000-7f354e3a1000 r-xp 00000000 08:01 926863                     /lib/x86_64-linux-gnu/libm-2.23.so
7f354e3a1000-7f354e5a0000 ---p 00108000 08:01 926863                     /lib/x86_64-linux-gnu/libm-2.23.so
7f354e5a0000-7f354e5a1000 r--p 00107000 08:01 926863                     /lib/x86_64-linux-gnu/libm-2.23.so
7f354e5a1000-7f354e5a2000 rw-p 00108000 08:01 926863                     /lib/x86_64-linux-gnu/libm-2.23.so
7f354e5a2000-7f354f118000 r-xp 00000000 08:01 1047364                    /home/jcb/openjdk-7-jdk/jre/lib/amd64/server/libjvm.so
7f354f118000-7f354f317000 ---p 00b76000 08:01 1047364                    /home/jcb/openjdk-7-jdk/jre/lib/amd64/server/libjvm.so
7f354f317000-7f354f3db000 rw-p 00b75000 08:01 1047364                    /home/jcb/openjdk-7-jdk/jre/lib/amd64/server/libjvm.so
7f354f3db000-7f354f41c000 rw-p 00000000 00:00 0 
7f354f41c000-7f354f5dc000 r-xp 00000000 08:01 926868                     /lib/x86_64-linux-gnu/libc-2.23.so
7f354f5dc000-7f354f7dc000 ---p 001c0000 08:01 926868                     /lib/x86_64-linux-gnu/libc-2.23.so
7f354f7dc000-7f354f7e0000 r--p 001c0000 08:01 926868                     /lib/x86_64-linux-gnu/libc-2.23.so
7f354f7e0000-7f354f7e2000 rw-p 001c4000 08:01 926868                     /lib/x86_64-linux-gnu/libc-2.23.so
7f354f7e2000-7f354f7e6000 rw-p 00000000 00:00 0 
7f354f7e6000-7f354f7e9000 r-xp 00000000 08:01 926855                     /lib/x86_64-linux-gnu/libdl-2.23.so
7f354f7e9000-7f354f9e8000 ---p 00003000 08:01 926855                     /lib/x86_64-linux-gnu/libdl-2.23.so
7f354f9e8000-7f354f9e9000 r--p 00002000 08:01 926855                     /lib/x86_64-linux-gnu/libdl-2.23.so
7f354f9e9000-7f354f9ea000 rw-p 00003000 08:01 926855                     /lib/x86_64-linux-gnu/libdl-2.23.so
7f354f9ea000-7f354f9ff000 r-xp 00000000 08:01 542256                     /home/jcb/openjdk-7-jdk/lib/amd64/jli/libjli.so
7f354f9ff000-7f354fbfe000 ---p 00015000 08:01 542256                     /home/jcb/openjdk-7-jdk/lib/amd64/jli/libjli.so
7f354fbfe000-7f354fbff000 rw-p 00014000 08:01 542256                     /home/jcb/openjdk-7-jdk/lib/amd64/jli/libjli.so
7f354fbff000-7f354fc17000 r-xp 00000000 08:01 926850                     /lib/x86_64-linux-gnu/libpthread-2.23.so
7f354fc17000-7f354fe16000 ---p 00018000 08:01 926850                     /lib/x86_64-linux-gnu/libpthread-2.23.so
7f354fe16000-7f354fe17000 r--p 00017000 08:01 926850                     /lib/x86_64-linux-gnu/libpthread-2.23.so
7f354fe17000-7f354fe18000 rw-p 00018000 08:01 926850                     /lib/x86_64-linux-gnu/libpthread-2.23.so
7f354fe18000-7f354fe1c000 rw-p 00000000 00:00 0 
7f354fe1c000-7f354fe42000 r-xp 00000000 08:01 926860                     /lib/x86_64-linux-gnu/ld-2.23.so
7f354fe42000-7f354fe4c000 r--s 00253000 08:01 1047392                    /home/jcb/openjdk-7-jdk/jre/lib/resources.jar
7f354fe4c000-7f354fe6f000 rw-p 00000000 00:00 0 
7f354fe6f000-7f354ff24000 rw-p 00000000 00:00 0 
7f354ff24000-7f354ff27000 ---p 00000000 00:00 0 
7f354ff27000-7f355002a000 rw-p 00000000 00:00 0 
7f355002c000-7f3550033000 r--s 00000000 08:01 396534                     /usr/lib/x86_64-linux-gnu/gconv/gconv-modules.cache
7f3550033000-7f3550037000 r--s 000f7000 08:01 838395                     /home/jcb/openjdk-7-jdk/jre/lib/ext/localedata.jar
7f3550037000-7f355003f000 rw-s 00000000 08:01 1315566                    /tmp/hsperfdata_jcb/52111
7f355003f000-7f3550040000 rw-p 00000000 00:00 0 
7f3550040000-7f3550041000 ---p 00000000 00:00 0 
7f3550041000-7f3550042000 r--p 00025000 08:01 926860                     /lib/x86_64-linux-gnu/ld-2.23.so
7f3550042000-7f3550043000 rw-p 00026000 08:01 926860                     /lib/x86_64-linux-gnu/ld-2.23.so
7f3550043000-7f3550044000 rw-p 00000000 00:00 0 
7ffd76f96000-7ffd76fb8000 rw-p 00000000 00:00 0                          [stack]
7ffd76fb8000-7ffd76fbb000 r--p 00000000 00:00 0                          [vvar]
7ffd76fbb000-7ffd76fbd000 r-xp 00000000 00:00 0                          [vdso]
ffffffffff600000-ffffffffff601000 r-xp 00000000 00:00 0                  [vsyscall]

VM Arguments:
jvm_args: -Xms64M -Xmx1100M -XX:PermSize=32m -XX:MaxPermSize=160m -XX:ThreadStackSize=1536 -Xmx1024m -Djava.awt.headless=true -Xbootclasspath/p:/home/jcb/jdk-jdk8-b120/build/linux-x86_64-normal-server-slowdebug/langtools/dist/bootstrap/lib/javac.jar 
java_command: com.sun.tools.javadoc.Main -bootclasspath /home/jcb/jdk-jdk8-b120/build/linux-x86_64-normal-server-slowdebug/jdk/classes -d /home/jcb/jdk-jdk8-b120/build/linux-x86_64-normal-server-slowdebug/docs/jre/api/plugin/dom @/home/jcb/jdk-jdk8-b120/build/linux-x86_64-normal-server-slowdebug/docstemp/doctmp/domapi.options @/home/jcb/jdk-jdk8-b120/build/linux-x86_64-normal-server-slowdebug/docstemp/doctmp/domapi.packages
Launcher Type: SUN_STANDARD

Environment Variables:
PATH=/home/jcb/bin:/home/jcb/.local/bin:/usr/local/sbin:/usr/local/bin:/usr/sbin:/usr/bin:/sbin:/bin:/usr/games:/usr/local/games:/snap/bin
SHELL=/bin/bash
DISPLAY=:0

Signal Handlers:
SIGSEGV: [libjvm.so+0x9a3b20], sa_mask[0]=0x7ffbfeff, sa_flags=0x10000004
SIGBUS: [libjvm.so+0x9a3b20], sa_mask[0]=0x7ffbfeff, sa_flags=0x10000004
SIGFPE: [libjvm.so+0x81e740], sa_mask[0]=0x7ffbfeff, sa_flags=0x10000004
SIGPIPE: [libjvm.so+0x81e740], sa_mask[0]=0x7ffbfeff, sa_flags=0x10000004
SIGXFSZ: [libjvm.so+0x81e740], sa_mask[0]=0x7ffbfeff, sa_flags=0x10000004
SIGILL: [libjvm.so+0x81e740], sa_mask[0]=0x7ffbfeff, sa_flags=0x10000004
SIGUSR1: SIG_DFL, sa_mask[0]=0x00000000, sa_flags=0x00000000
SIGUSR2: [libjvm.so+0x81ffb0], sa_mask[0]=0x00000000, sa_flags=0x10000004
SIGHUP: [libjvm.so+0x8210d0], sa_mask[0]=0x7ffbfeff, sa_flags=0x10000004
SIGINT: [libjvm.so+0x8210d0], sa_mask[0]=0x7ffbfeff, sa_flags=0x10000004
SIGTERM: [libjvm.so+0x8210d0], sa_mask[0]=0x7ffbfeff, sa_flags=0x10000004
SIGQUIT: [libjvm.so+0x8210d0], sa_mask[0]=0x7ffbfeff, sa_flags=0x10000004


---------------  S Y S T E M  ---------------

OS:stretch/sid

uname:Linux 4.15.0-142-generic #146~16.04.1-Ubuntu SMP Tue Apr 13 09:27:15 UTC 2021 x86_64
libc:glibc 2.23 NPTL 2.23 
rlimit: STACK 8192k, CORE 0k, NPROC 39638, NOFILE 1048576, AS infinity
load average:4.42 1.72 1.91

/proc/meminfo:
MemTotal:       10209048 kB
MemFree:         1221680 kB
MemAvailable:    1131220 kB
Buffers:            8752 kB
Cached:            81228 kB
SwapCached:            0 kB
Active:          8281784 kB
Inactive:          76328 kB
Active(anon):    8269960 kB
Inactive(anon):    35336 kB
Active(file):      11824 kB
Inactive(file):    40992 kB
Unevictable:          48 kB
Mlocked:              48 kB
SwapTotal:             0 kB
SwapFree:              0 kB
Dirty:               156 kB
Writeback:           816 kB
AnonPages:       8269068 kB
Mapped:            46504 kB
Shmem:             36276 kB
Slab:             125200 kB
SReclaimable:      56260 kB
SUnreclaim:        68940 kB
KernelStack:       16864 kB
PageTables:        58836 kB
NFS_Unstable:          0 kB
Bounce:                0 kB
WritebackTmp:          0 kB
CommitLimit:     5104524 kB
Committed_AS:   13377412 kB
VmallocTotal:   34359738367 kB
VmallocUsed:           0 kB
VmallocChunk:          0 kB
HardwareCorrupted:     0 kB
AnonHugePages:         0 kB
ShmemHugePages:        0 kB
ShmemPmdMapped:        0 kB
CmaTotal:              0 kB
CmaFree:               0 kB
HugePages_Total:       0
HugePages_Free:        0
HugePages_Rsvd:        0
HugePages_Surp:        0
Hugepagesize:       2048 kB
DirectMap4k:      132928 kB
DirectMap2M:     4061184 kB
DirectMap1G:     8388608 kB


CPU:total 8 (8 cores per cpu, 1 threads per core) family 6 model 183 stepping 1, cmov, cx8, fxsr, mmx, sse, sse2, sse3, ssse3, sse4.1, sse4.2, popcnt, avx, avx2, aes, erms, tsc, tscinvbit

/proc/cpuinfo:
processor	: 0
vendor_id	: GenuineIntel
cpu family	: 6
model		: 183
model name	: Intel(R) Core(TM) i9-14900HX
stepping	: 1
microcode	: 0x123
cpu MHz		: 2419.199
cache size	: 36864 KB
physical id	: 0
siblings	: 8
core id		: 0
cpu cores	: 8
apicid		: 0
initial apicid	: 0
fpu		: yes
fpu_exception	: yes
cpuid level	: 32
wp		: yes
flags		: fpu vme de pse tsc msr pae mce cx8 apic sep mtrr pge mca cmov pat pse36 clflush mmx fxsr sse sse2 ss ht syscall nx pdpe1gb rdtscp lm constant_tsc arch_perfmon rep_good nopl xtopology tsc_reliable nonstop_tsc cpuid pni pclmulqdq vmx ssse3 fma cx16 pcid sse4_1 sse4_2 x2apic movbe popcnt tsc_deadline_timer aes xsave avx f16c rdrand hypervisor lahf_lm abm 3dnowprefetch invpcid_single ssbd ibrs ibpb stibp ibrs_enhanced tpr_shadow vnmi ept vpid fsgsbase tsc_adjust bmi1 avx2 smep bmi2 erms invpcid rdseed adx smap clflushopt clwb sha_ni xsaveopt xsavec xgetbv1 xsaves arat umip pku ospke gfni vaes vpclmulqdq rdpid md_clear flush_l1d arch_capabilities
bugs		: spectre_v1 spectre_v2 spec_store_bypass swapgs itlb_multihit
bogomips	: 4838.39
clflush size	: 64
cache_alignment	: 64
address sizes	: 45 bits physical, 48 bits virtual
power management:

processor	: 1
vendor_id	: GenuineIntel
cpu family	: 6
model		: 183
model name	: Intel(R) Core(TM) i9-14900HX
stepping	: 1
microcode	: 0x123
cpu MHz		: 2419.199
cache size	: 36864 KB
physical id	: 0
siblings	: 8
core id		: 1
cpu cores	: 8
apicid		: 1
initial apicid	: 1
fpu		: yes
fpu_exception	: yes
cpuid level	: 32
wp		: yes
flags		: fpu vme de pse tsc msr pae mce cx8 apic sep mtrr pge mca cmov pat pse36 clflush mmx fxsr sse sse2 ss ht syscall nx pdpe1gb rdtscp lm constant_tsc arch_perfmon rep_good nopl xtopology tsc_reliable nonstop_tsc cpuid pni pclmulqdq vmx ssse3 fma cx16 pcid sse4_1 sse4_2 x2apic movbe popcnt tsc_deadline_timer aes xsave avx f16c rdrand hypervisor lahf_lm abm 3dnowprefetch invpcid_single ssbd ibrs ibpb stibp ibrs_enhanced tpr_shadow vnmi ept vpid fsgsbase tsc_adjust bmi1 avx2 smep bmi2 erms invpcid rdseed adx smap clflushopt clwb sha_ni xsaveopt xsavec xgetbv1 xsaves arat umip pku ospke gfni vaes vpclmulqdq rdpid md_clear flush_l1d arch_capabilities
bugs		: spectre_v1 spectre_v2 spec_store_bypass swapgs itlb_multihit
bogomips	: 4838.39
clflush size	: 64
cache_alignment	: 64
address sizes	: 45 bits physical, 48 bits virtual
power management:

processor	: 2
vendor_id	: GenuineIntel
cpu family	: 6
model		: 183
model name	: Intel(R) Core(TM) i9-14900HX
stepping	: 1
microcode	: 0x123
cpu MHz		: 2419.199
cache size	: 36864 KB
physical id	: 0
siblings	: 8
core id		: 2
cpu cores	: 8
apicid		: 2
initial apicid	: 2
fpu		: yes
fpu_exception	: yes
cpuid level	: 32
wp		: yes
flags		: fpu vme de pse tsc msr pae mce cx8 apic sep mtrr pge mca cmov pat pse36 clflush mmx fxsr sse sse2 ss ht syscall nx pdpe1gb rdtscp lm constant_tsc arch_perfmon rep_good nopl xtopology tsc_reliable nonstop_tsc cpuid pni pclmulqdq vmx ssse3 fma cx16 pcid sse4_1 sse4_2 x2apic movbe popcnt tsc_deadline_timer aes xsave avx f16c rdrand hypervisor lahf_lm abm 3dnowprefetch invpcid_single ssbd ibrs ibpb stibp ibrs_enhanced tpr_shadow vnmi ept vpid fsgsbase tsc_adjust bmi1 avx2 smep bmi2 erms invpcid rdseed adx smap clflushopt clwb sha_ni xsaveopt xsavec xgetbv1 xsaves arat umip pku ospke gfni vaes vpclmulqdq rdpid md_clear flush_l1d arch_capabilities
bugs		: spectre_v1 spectre_v2 spec_store_bypass swapgs itlb_multihit
bogomips	: 4838.39
clflush size	: 64
cache_alignment	: 64
address sizes	: 45 bits physical, 48 bits virtual
power management:

processor	: 3
vendor_id	: GenuineIntel
cpu family	: 6
model		: 183
model name	: Intel(R) Core(TM) i9-14900HX
stepping	: 1
microcode	: 0x123
cpu MHz		: 2419.199
cache size	: 36864 KB
physical id	: 0
siblings	: 8
core id		: 3
cpu cores	: 8
apicid		: 3
initial apicid	: 3
fpu		: yes
fpu_exception	: yes
cpuid level	: 32
wp		: yes
flags		: fpu vme de pse tsc msr pae mce cx8 apic sep mtrr pge mca cmov pat pse36 clflush mmx fxsr sse sse2 ss ht syscall nx pdpe1gb rdtscp lm constant_tsc arch_perfmon rep_good nopl xtopology tsc_reliable nonstop_tsc cpuid pni pclmulqdq vmx ssse3 fma cx16 pcid sse4_1 sse4_2 x2apic movbe popcnt tsc_deadline_timer aes xsave avx f16c rdrand hypervisor lahf_lm abm 3dnowprefetch invpcid_single ssbd ibrs ibpb stibp ibrs_enhanced tpr_shadow vnmi ept vpid fsgsbase tsc_adjust bmi1 avx2 smep bmi2 erms invpcid rdseed adx smap clflushopt clwb sha_ni xsaveopt xsavec xgetbv1 xsaves arat umip pku ospke gfni vaes vpclmulqdq rdpid md_clear flush_l1d arch_capabilities
bugs		: spectre_v1 spectre_v2 spec_store_bypass swapgs itlb_multihit
bogomips	: 4838.39
clflush size	: 64
cache_alignment	: 64
address sizes	: 45 bits physical, 48 bits virtual
power management:

processor	: 4
vendor_id	: GenuineIntel
cpu family	: 6
model		: 183
model name	: Intel(R) Core(TM) i9-14900HX
stepping	: 1
microcode	: 0x123
cpu MHz		: 2419.199
cache size	: 36864 KB
physical id	: 0
siblings	: 8
core id		: 4
cpu cores	: 8
apicid		: 4
initial apicid	: 4
fpu		: yes
fpu_exception	: yes
cpuid level	: 32
wp		: yes
flags		: fpu vme de pse tsc msr pae mce cx8 apic sep mtrr pge mca cmov pat pse36 clflush mmx fxsr sse sse2 ss ht syscall nx pdpe1gb rdtscp lm constant_tsc arch_perfmon rep_good nopl xtopology tsc_reliable nonstop_tsc cpuid pni pclmulqdq vmx ssse3 fma cx16 pcid sse4_1 sse4_2 x2apic movbe popcnt tsc_deadline_timer aes xsave avx f16c rdrand hypervisor lahf_lm abm 3dnowprefetch invpcid_single ssbd ibrs ibpb stibp ibrs_enhanced tpr_shadow vnmi ept vpid fsgsbase tsc_adjust bmi1 avx2 smep bmi2 erms invpcid rdseed adx smap clflushopt clwb sha_ni xsaveopt xsavec xgetbv1 xsaves arat umip pku ospke gfni vaes vpclmulqdq rdpid md_clear flush_l1d arch_capabilities
bugs		: spectre_v1 spectre_v2 spec_store_bypass swapgs itlb_multihit
bogomips	: 4838.39
clflush size	: 64
cache_alignment	: 64
address sizes	: 45 bits physical, 48 bits virtual
power management:

processor	: 5
vendor_id	: GenuineIntel
cpu family	: 6
model		: 183
model name	: Intel(R) Core(TM) i9-14900HX
stepping	: 1
microcode	: 0x123
cpu MHz		: 2419.199
cache size	: 36864 KB
physical id	: 0
siblings	: 8
core id		: 5
cpu cores	: 8
apicid		: 5
initial apicid	: 5
fpu		: yes
fpu_exception	: yes
cpuid level	: 32
wp		: yes
flags		: fpu vme de pse tsc msr pae mce cx8 apic sep mtrr pge mca cmov pat pse36 clflush mmx fxsr sse sse2 ss ht syscall nx pdpe1gb rdtscp lm constant_tsc arch_perfmon rep_good nopl xtopology tsc_reliable nonstop_tsc cpuid pni pclmulqdq vmx ssse3 fma cx16 pcid sse4_1 sse4_2 x2apic movbe popcnt tsc_deadline_timer aes xsave avx f16c rdrand hypervisor lahf_lm abm 3dnowprefetch invpcid_single ssbd ibrs ibpb stibp ibrs_enhanced tpr_shadow vnmi ept vpid fsgsbase tsc_adjust bmi1 avx2 smep bmi2 erms invpcid rdseed adx smap clflushopt clwb sha_ni xsaveopt xsavec xgetbv1 xsaves arat umip pku ospke gfni vaes vpclmulqdq rdpid md_clear flush_l1d arch_capabilities
bugs		: spectre_v1 spectre_v2 spec_store_bypass swapgs itlb_multihit
bogomips	: 4838.39
clflush size	: 64
cache_alignment	: 64
address sizes	: 45 bits physical, 48 bits virtual
power management:

processor	: 6
vendor_id	: GenuineIntel
cpu family	: 6
model		: 183
model name	: Intel(R) Core(TM) i9-14900HX
stepping	: 1
microcode	: 0x123
cpu MHz		: 2419.199
cache size	: 36864 KB
physical id	: 0
siblings	: 8
core id		: 6
cpu cores	: 8
apicid		: 6
initial apicid	: 6
fpu		: yes
fpu_exception	: yes
cpuid level	: 32
wp		: yes
flags		: fpu vme de pse tsc msr pae mce cx8 apic sep mtrr pge mca cmov pat pse36 clflush mmx fxsr sse sse2 ss ht syscall nx pdpe1gb rdtscp lm constant_tsc arch_perfmon rep_good nopl xtopology tsc_reliable nonstop_tsc cpuid pni pclmulqdq vmx ssse3 fma cx16 pcid sse4_1 sse4_2 x2apic movbe popcnt tsc_deadline_timer aes xsave avx f16c rdrand hypervisor lahf_lm abm 3dnowprefetch invpcid_single ssbd ibrs ibpb stibp ibrs_enhanced tpr_shadow vnmi ept vpid fsgsbase tsc_adjust bmi1 avx2 smep bmi2 erms invpcid rdseed adx smap clflushopt clwb sha_ni xsaveopt xsavec xgetbv1 xsaves arat umip pku ospke gfni vaes vpclmulqdq rdpid md_clear flush_l1d arch_capabilities
bugs		: spectre_v1 spectre_v2 spec_store_bypass swapgs itlb_multihit
bogomips	: 4838.39
clflush size	: 64
cache_alignment	: 64
address sizes	: 45 bits physical, 48 bits virtual
power management:

processor	: 7
vendor_id	: GenuineIntel
cpu family	: 6
model		: 183
model name	: Intel(R) Core(TM) i9-14900HX
stepping	: 1
microcode	: 0x123
cpu MHz		: 2419.199
cache size	: 36864 KB
physical id	: 0
siblings	: 8
core id		: 7
cpu cores	: 8
apicid		: 7
initial apicid	: 7
fpu		: yes
fpu_exception	: yes
cpuid level	: 32
wp		: yes
flags		: fpu vme de pse tsc msr pae mce cx8 apic sep mtrr pge mca cmov pat pse36 clflush mmx fxsr sse sse2 ss ht syscall nx pdpe1gb rdtscp lm constant_tsc arch_perfmon rep_good nopl xtopology tsc_reliable nonstop_tsc cpuid pni pclmulqdq vmx ssse3 fma cx16 pcid sse4_1 sse4_2 x2apic movbe popcnt tsc_deadline_timer aes xsave avx f16c rdrand hypervisor lahf_lm abm 3dnowprefetch invpcid_single ssbd ibrs ibpb stibp ibrs_enhanced tpr_shadow vnmi ept vpid fsgsbase tsc_adjust bmi1 avx2 smep bmi2 erms invpcid rdseed adx smap clflushopt clwb sha_ni xsaveopt xsavec xgetbv1 xsaves arat umip pku ospke gfni vaes vpclmulqdq rdpid md_clear flush_l1d arch_capabilities
bugs		: spectre_v1 spectre_v2 spec_store_bypass swapgs itlb_multihit
bogomips	: 4838.39
clflush size	: 64
cache_alignment	: 64
address sizes	: 45 bits physical, 48 bits virtual
power management:



Memory: 4k page, physical 10209048k(1221680k free), swap 0k(0k free)

vm_info: Java HotSpot(TM) 64-Bit Server VM (24.80-b11) for linux-amd64 JRE (1.7.0_80-b15), built on Apr 10 2015 19:53:14 by "java_re" with gcc 4.3.0 20080428 (Red Hat 4.3.0-8)

time: Mon Jun  9 09:26:26 2025
elapsed time: 7 seconds

